<?xml version="1.0" encoding="UTF-8"?>
<testng-results ignored="0" total="1" passed="1" failed="0" skipped="0">
  <reporter-output>
  </reporter-output>
  <suite started-at="2021-05-03T20:45:21 IST" name="Default suite" finished-at="2021-05-03T20:45:25 IST" duration-ms="4310">
    <groups>
    </groups>
    <test started-at="2021-05-03T20:45:21 IST" name="Default test" finished-at="2021-05-03T20:45:25 IST" duration-ms="4310">
      <class name="FreeCrmAutomation.FreeCrmAutomation.normalTest">
        <test-method signature="Setup()[pri:0, instance:FreeCrmAutomation.FreeCrmAutomation.normalTest@51dcb805]" started-at="2021-05-03T20:45:21 IST" name="Setup" finished-at="2021-05-03T20:45:24 IST" duration-ms="3441" status="PASS">
          <reporter-output>
          </reporter-output>
        </test-method> <!-- Setup -->
        <test-method is-config="true" signature="TearDown()[pri:0, instance:FreeCrmAutomation.FreeCrmAutomation.normalTest@51dcb805]" started-at="2021-05-03T20:45:24 IST" name="TearDown" finished-at="2021-05-03T20:45:25 IST" duration-ms="818" status="PASS">
          <reporter-output>
          </reporter-output>
        </test-method> <!-- TearDown -->
      </class> <!-- FreeCrmAutomation.FreeCrmAutomation.normalTest -->
    </test> <!-- Default test -->
  </suite> <!-- Default suite -->
</testng-results>
